<?xml version="1.0" encoding="UTF-8"?>
<!-- Generated by org.testng.reporters.JUnitReportReporter -->
<testsuite hostname="wipro-PC" name="in.redbus.Testsuites.SuiteBaseClass" tests="1" failures="0" timestamp="31 Dec 2016 08:08:59 GMT" time="5.021" errors="0">
  <testcase name="Test_SetDates" time="5.021" classname="in.redbus.Testsuites.SuiteBaseClass"/>
</testsuite> <!-- in.redbus.Testsuites.SuiteBaseClass -->
