<?xml version="1.0" encoding="UTF-8"?>
<!-- Generated by org.testng.reporters.JUnitReportReporter -->
<testsuite hostname="wipro-PC" name="com.ssf.SuiteOne.Testcase_001" tests="2" failures="0" timestamp="14 Dec 2016 12:56:58 GMT" time="0.017" errors="0">
  <testcase name="TestDryrun1" time="0.013" classname="com.ssf.SuiteOne.Testcase_001"/>
  <testcase name="TestDryrun2" time="0.004" classname="com.ssf.SuiteOne.Testcase_001"/>
</testsuite> <!-- com.ssf.SuiteOne.Testcase_001 -->
