<?xml version="1.0" encoding="UTF-8"?>
<!-- Generated by org.testng.reporters.JUnitReportReporter -->
<testsuite hostname="wipro-PC" name="com.ssf.SuiteOne.SuitBaseClass" tests="2" failures="0" timestamp="14 Dec 2016 12:56:58 GMT" time="43.290" errors="0">
  <testcase name="set_Values" time="2.741" classname="com.ssf.SuiteOne.SuitBaseClass"/>
  <testcase name="TestLaunchBrowser" time="40.549" classname="com.ssf.SuiteOne.SuitBaseClass"/>
</testsuite> <!-- com.ssf.SuiteOne.SuitBaseClass -->
