<?xml version="1.0" encoding="UTF-8"?>
<!-- Generated by org.testng.reporters.JUnitReportReporter -->
<testsuite hostname="wipro-PC" name="in.redbus.Testsuites.SuiteBaseClass" tests="1" failures="0" timestamp="1 Jan 2017 16:40:02 GMT" time="6.940" errors="0">
  <testcase name="Test_SetDates" time="6.940" classname="in.redbus.Testsuites.SuiteBaseClass"/>
</testsuite> <!-- in.redbus.Testsuites.SuiteBaseClass -->
