<?xml version="1.0" encoding="UTF-8"?>
<!-- Generated by org.testng.reporters.JUnitReportReporter -->
<testsuite hostname="wipro-PC" name="in.redbus.Testsuites.SuiteBaseClass" tests="1" failures="0" timestamp="2 Jan 2017 14:21:58 GMT" time="8.837" errors="0">
  <testcase name="Test_SetDates" time="8.837" classname="in.redbus.Testsuites.SuiteBaseClass"/>
</testsuite> <!-- in.redbus.Testsuites.SuiteBaseClass -->
